
   INFO  Server running on [http://0.0.0.0:8000].  

  Press Ctrl+C to stop the server

  2023-08-15 22:31:52 ................................................... ~ 1s
  2023-08-15 22:31:53 /assets/js/scripts.bundle.js ...................... ~ 1s
  2023-08-15 22:31:55 /assets/js/custom/authentication/sign-in/general.js  ~ 0s
  2023-08-15 22:31:53 /assets/plugins/global/plugins.bundle.js .......... ~ 2s
  2023-08-15 22:31:54 /assets/media/logos/NSITF-Logo-login.png .......... ~ 2s
  2023-08-15 22:31:53 /assets/plugins/global/plugins.bundle.css ......... ~ 4s
  2023-08-15 22:31:52 /css/app.css ...................................... ~ 8s
  2023-08-15 22:31:53 /assets/css/style.bundle.css ...................... ~ 7s
  2023-08-15 22:32:01 /assets/plugins/global/fonts/@fortawesome/fa-solid-900.woff2  ~ 2s
  2023-08-15 22:32:03 /assets/media/logos/NSITF-Logo-login.png .......... ~ 1s
  2023-08-15 22:32:04 ................................................. ~ 124s
  2023-08-15 22:32:03 ................................................. ~ 126s
   WARN  80.66.75.127:64441 Invalid request (Malformed HTTP request).  

  2023-08-15 22:35:56 ................................................... ~ 2s
   WARN  162.216.149.192:61464 Invalid request (Unsupported SSL request).  

  2023-08-15 23:12:35 ................................................... ~ 1s
  2023-08-16 00:16:28 ................................................... ~ 0s
  2023-08-16 00:16:28 ................................................... ~ 1s

   INFO  Server running on [http://0.0.0.0:8000].  

  Press Ctrl+C to stop the server

  2023-08-16 04:47:16 ................................................... ~ 1s
  2023-08-16 04:47:17 ................................................... ~ 0s
  2023-08-16 04:47:18 /assets/js/scripts.bundle.js ...................... ~ 0s
  2023-08-16 04:47:18 /assets/media/logos/NSITF-Logo-login.png .......... ~ 0s
  2023-08-16 04:47:18 /assets/plugins/global/plugins.bundle.css ......... ~ 1s
  2023-08-16 04:47:18 /css/app.css ...................................... ~ 1s
  2023-08-16 04:47:19 /assets/js/custom/authentication/sign-in/general.js  ~ 0s
  2023-08-16 04:47:18 /assets/plugins/global/plugins.bundle.js .......... ~ 1s
  2023-08-16 04:47:18 /assets/css/style.bundle.css ...................... ~ 3s
  2023-08-16 04:47:21 /assets/plugins/global/fonts/@fortawesome/fa-solid-900.woff2  ~ 1s
  2023-08-16 04:48:21 ................................................... ~ 0s
  2023-08-16 04:48:21 /assets/plugins/global/plugins.bundle.css ........ ~ 13s
  2023-08-16 04:48:36 /assets/js/custom/authentication/sign-in/general.js  ~ 0s
  2023-08-16 04:48:21 /assets/media/logos/NSITF-Logo-login.png ......... ~ 19s
  2023-08-16 04:48:21 /css/app.css ..................................... ~ 27s
  2023-08-16 04:48:21 /assets/js/scripts.bundle.js ..................... ~ 27s
  2023-08-16 04:48:21 /assets/css/style.bundle.css ..................... ~ 59s
  2023-08-16 04:48:21 /assets/plugins/global/plugins.bundle.js ......... ~ 62s
  2023-08-16 04:49:23 /assets/plugins/global/fonts/@fortawesome/fa-solid-900.woff2  ~ 1s
  2023-08-16 04:49:26 /assets/media/logos/NSITF-Logo-login.png .......... ~ 2s
  2023-08-16 04:50:36 ................................................... ~ 0s
  2023-08-16 04:50:38 /assets/plugins/global/plugins.bundle.css ......... ~ 1s
  2023-08-16 04:50:38 /css/app.css ...................................... ~ 1s
  2023-08-16 04:50:38 /assets/css/style.bundle.css ...................... ~ 1s
  2023-08-16 04:50:40 /assets/js/scripts.bundle.js ...................... ~ 1s
  2023-08-16 04:50:41 /assets/js/custom/authentication/sign-in/general.js  ~ 0s
  2023-08-16 04:50:40 /assets/plugins/global/plugins.bundle.js .......... ~ 1s
  2023-08-16 04:50:41 /assets/media/logos/NSITF-Logo-login.png .......... ~ 0s
  2023-08-16 04:50:42 /assets/plugins/global/fonts/@fortawesome/fa-solid-900.woff2  ~ 0s
  2023-08-16 04:50:44 /assets/media/logos/NSITF-Logo-login.png .......... ~ 0s
  2023-08-16 04:51:10 ................................................... ~ 0s
  2023-08-16 04:51:10 ................................................... ~ 1s
  2023-08-16 04:51:11 /assets/plugins/custom/fullcalendar/fullcalendar.bundle.css  ~ 0s
  2023-08-16 04:51:11 /assets/plugins/custom/datatables/datatables.bundle.css  ~ 0s
  2023-08-16 04:51:11 /css/sweetalert2.min.css .......................... ~ 0s
  2023-08-16 04:51:11 /assets/plugins/global/plugins.bundle.css ......... ~ 1s
  2023-08-16 04:51:11 /assets/css/style.bundle.css ...................... ~ 1s
  2023-08-16 04:51:13 /js/sweetalert2.min.js ............................ ~ 0s
  2023-08-16 04:51:13 /assets/media/avatars/blank.png ................... ~ 0s
  2023-08-16 04:51:13 /assets/js/scripts.bundle.js ...................... ~ 0s
  2023-08-16 04:51:13 /assets/plugins/global/fonts/@fortawesome/fa-regular-400.woff2  ~ 0s
  2023-08-16 04:51:13 /js/app.js ........................................ ~ 0s
  2023-08-16 04:51:13 /assets/media/logos/NSITF-logo.png ................ ~ 0s
  2023-08-16 04:51:13 /assets/plugins/custom/fullcalendar/fullcalendar.bundle.js  ~ 0s
  2023-08-16 04:51:13 /assets/plugins/global/plugins.bundle.js .......... ~ 1s
  2023-08-16 04:51:15 /assets/js/custom/apps/inbox/listing.js ........... ~ 0s
  2023-08-16 04:51:16 /assets/js/custom/apps/chat/chat.js ............... ~ 0s
  2023-08-16 04:51:16 /assets/js/custom/utilities/modals/upgrade-plan.js  ~ 0s
  2023-08-16 04:51:16 /assets/js/custom/widgets.js ...................... ~ 0s
  2023-08-16 04:51:16 /assets/js/custom/utilities/modals/create-app.js .. ~ 0s
  2023-08-16 04:51:15 /assets/js/widgets.bundle.js ...................... ~ 1s
  2023-08-16 04:51:16 /assets/js/custom/utilities/modals/new-target.js .. ~ 0s
  2023-08-16 04:51:16 /assets/js/custom/utilities/modals/users-search.js  ~ 0s
  2023-08-16 04:51:15 /assets/plugins/custom/datatables/datatables.bundle.js  ~ 1s
  2023-08-16 04:51:16 /assets/js/custom/utilities/modals/create-account.js  ~ 0s
  2023-08-16 04:51:16 /assets/media/logos/default-small.svg ............. ~ 0s
  2023-08-16 04:51:16 /assets/media/avatars/300-6.jpg ................... ~ 1s
  2023-08-16 04:51:16 /assets/media/avatars/300-2.jpg ................... ~ 1s
  2023-08-16 04:51:16 /assets/media/avatars/300-9.jpg ................... ~ 1s
  2023-08-16 04:51:17 /assets/media/svg/brand-logos/volicity-9.svg ...... ~ 0s
  2023-08-16 04:51:17 /assets/media/avatars/300-14.jpg .................. ~ 0s
  2023-08-16 04:51:17 /assets/media/avatars/300-11.jpg .................. ~ 0s
  2023-08-16 04:51:17 /assets/media/svg/brand-logos/tvit.svg ............ ~ 0s
  2023-08-16 04:51:17 /assets/media/svg/misc/infography.svg ............. ~ 0s
  2023-08-16 04:51:17 /assets/media/svg/brand-logos/leaf.svg ............ ~ 0s
  2023-08-16 04:51:17 /assets/media/svg/brand-logos/tower.svg ........... ~ 0s
  2023-08-16 04:51:18 /favicon.ico ...................................... ~ 0s
  2023-08-16 04:49:27 ................................................. ~ 119s
  2023-08-16 04:51:52 ................................................... ~ 0s
  2023-08-16 04:51:52 /assets/plugins/custom/fullcalendar/fullcalendar.bundle.css  ~ 0s
  2023-08-16 04:51:52 /css/sweetalert2.min.css .......................... ~ 0s
  2023-08-16 04:51:52 /assets/plugins/custom/datatables/datatables.bundle.css  ~ 0s
  2023-08-16 04:51:52 /assets/plugins/global/plugins.bundle.css ......... ~ 1s
  2023-08-16 04:51:52 /assets/css/style.bundle.css ...................... ~ 1s
  2023-08-16 04:51:54 /js/sweetalert2.min.js ............................ ~ 0s
  2023-08-16 04:51:53 /js/app.js ........................................ ~ 1s
  2023-08-16 04:51:54 /assets/media/avatars/blank.png ................... ~ 0s
  2023-08-16 04:51:54 /assets/js/scripts.bundle.js ...................... ~ 0s
  2023-08-16 04:51:54 /assets/plugins/global/fonts/@fortawesome/fa-solid-900.woff2  ~ 0s
  2023-08-16 04:51:54 /assets/media/logos/NSITF-logo.png ................ ~ 0s
  2023-08-16 04:51:54 /assets/plugins/custom/fullcalendar/fullcalendar.bundle.js  ~ 0s
  2023-08-16 04:51:54 /assets/plugins/custom/datatables/datatables.bundle.js  ~ 1s
  2023-08-16 04:51:54 /assets/plugins/global/plugins.bundle.js .......... ~ 1s
  2023-08-16 04:51:55 /assets/js/custom/apps/inbox/listing.js ........... ~ 0s
  2023-08-16 04:51:55 /assets/js/custom/apps/chat/chat.js ............... ~ 0s
  2023-08-16 04:51:55 /assets/js/custom/widgets.js ...................... ~ 0s
  2023-08-16 04:51:55 /assets/js/widgets.bundle.js ...................... ~ 1s
  2023-08-16 04:51:56 /assets/js/custom/utilities/modals/upgrade-plan.js  ~ 0s
  2023-08-16 04:51:56 /assets/js/custom/utilities/modals/create-app.js .. ~ 0s
  2023-08-16 04:51:56 /assets/js/custom/utilities/modals/new-target.js .. ~ 0s
  2023-08-16 04:51:56 /assets/js/custom/utilities/modals/users-search.js  ~ 0s
  2023-08-16 04:51:56 /assets/js/custom/utilities/modals/create-account.js  ~ 0s
  2023-08-16 04:51:56 /assets/media/logos/default-small.svg ............. ~ 0s
  2023-08-16 04:51:56 /assets/media/avatars/300-2.jpg ................... ~ 0s
  2023-08-16 04:51:56 /assets/media/avatars/300-6.jpg ................... ~ 0s
  2023-08-16 04:51:56 /assets/media/avatars/300-14.jpg .................. ~ 0s
  2023-08-16 04:51:56 /assets/media/avatars/300-9.jpg ................... ~ 0s
  2023-08-16 04:51:56 /assets/media/avatars/300-11.jpg .................. ~ 1s
  2023-08-16 04:51:57 /assets/media/svg/brand-logos/volicity-9.svg ...... ~ 0s
  2023-08-16 04:51:57 /assets/media/svg/misc/infography.svg ............. ~ 0s
  2023-08-16 04:51:57 /assets/media/svg/brand-logos/tvit.svg ............ ~ 0s
  2023-08-16 04:51:57 /assets/media/svg/brand-logos/leaf.svg ............ ~ 0s
  2023-08-16 04:51:57 /assets/media/svg/brand-logos/tower.svg ........... ~ 0s
  2023-08-16 04:51:58 /favicon.ico ...................................... ~ 0s
  2023-08-16 04:50:27 ................................................. ~ 119s
  2023-08-16 04:51:27 ................................................. ~ 120s
  2023-08-16 04:54:46 ................................................... ~ 0s
  2023-08-16 04:54:46 ................................................... ~ 1s
  2023-08-16 04:54:47 /assets/plugins/custom/fullcalendar/fullcalendar.bundle.css  ~ 0s
  2023-08-16 04:54:47 /assets/plugins/custom/datatables/datatables.bundle.css  ~ 0s
  2023-08-16 04:54:47 /css/sweetalert2.min.css .......................... ~ 0s
  2023-08-16 04:54:47 /assets/plugins/global/plugins.bundle.css ......... ~ 1s
  2023-08-16 04:54:47 /assets/css/style.bundle.css ...................... ~ 1s
  2023-08-16 04:54:48 /js/sweetalert2.min.js ............................ ~ 0s
  2023-08-16 04:54:48 /js/app.js ........................................ ~ 0s
  2023-08-16 04:54:49 /assets/plugins/global/fonts/@fortawesome/fa-regular-400.woff2  ~ 0s
  2023-08-16 04:54:49 /assets/media/avatars/blank.png ................... ~ 0s
  2023-08-16 04:54:48 /assets/js/scripts.bundle.js ...................... ~ 1s
  2023-08-16 04:54:48 /assets/plugins/custom/fullcalendar/fullcalendar.bundle.js  ~ 1s
  2023-08-16 04:54:49 /assets/plugins/global/fonts/@fortawesome/fa-solid-900.woff2  ~ 0s
  2023-08-16 04:54:49 /assets/media/logos/NSITF-logo.png ................ ~ 0s
  2023-08-16 04:54:48 /assets/plugins/global/plugins.bundle.js .......... ~ 1s
  2023-08-16 04:54:48 /assets/plugins/custom/datatables/datatables.bundle.js  ~ 1s
  2023-08-16 04:54:50 /assets/js/custom/apps/inbox/listing.js ........... ~ 0s
  2023-08-16 04:54:50 /assets/js/custom/apps/chat/chat.js ............... ~ 0s
  2023-08-16 04:54:50 /assets/js/custom/utilities/modals/upgrade-plan.js  ~ 0s
  2023-08-16 04:54:50 /assets/js/custom/utilities/modals/create-app.js .. ~ 0s
  2023-08-16 04:54:50 /assets/js/custom/utilities/modals/new-target.js .. ~ 0s
  2023-08-16 04:54:50 /assets/js/custom/widgets.js ...................... ~ 0s
  2023-08-16 04:54:50 /assets/js/custom/utilities/modals/users-search.js  ~ 0s
  2023-08-16 04:54:50 /assets/js/widgets.bundle.js ...................... ~ 0s
  2023-08-16 04:54:50 /assets/js/custom/utilities/modals/create-account.js  ~ 0s
  2023-08-16 04:54:50 /assets/media/logos/default-small.svg ............. ~ 0s
  2023-08-16 04:54:51 /assets/media/avatars/300-6.jpg ................... ~ 0s
  2023-08-16 04:54:51 /assets/media/avatars/300-2.jpg ................... ~ 0s
  2023-08-16 04:54:51 /assets/media/svg/brand-logos/volicity-9.svg ...... ~ 0s
  2023-08-16 04:54:51 /assets/media/avatars/300-9.jpg ................... ~ 0s
  2023-08-16 04:54:51 /assets/media/avatars/300-14.jpg .................. ~ 0s
  2023-08-16 04:54:51 /assets/media/avatars/300-11.jpg .................. ~ 0s
  2023-08-16 04:54:51 /assets/media/svg/brand-logos/tvit.svg ............ ~ 0s
  2023-08-16 04:54:51 /assets/media/svg/misc/infography.svg ............. ~ 0s
  2023-08-16 04:54:51 /assets/media/svg/brand-logos/leaf.svg ............ ~ 0s
  2023-08-16 04:54:52 /assets/media/svg/brand-logos/tower.svg ........... ~ 0s
  2023-08-16 04:54:52 /favicon.ico ...................................... ~ 0s
  2023-08-16 04:56:02 ................................................... ~ 0s
  2023-08-16 04:56:03 /css/sweetalert2.min.css .......................... ~ 0s
  2023-08-16 04:56:03 /assets/plugins/custom/datatables/datatables.bundle.css  ~ 0s
  2023-08-16 04:56:03 /assets/plugins/custom/fullcalendar/fullcalendar.bundle.css  ~ 0s
  2023-08-16 04:56:03 /assets/plugins/global/plugins.bundle.css ......... ~ 0s
  2023-08-16 04:56:03 /assets/css/style.bundle.css ...................... ~ 0s
  2023-08-16 04:56:03 /js/sweetalert2.min.js ............................ ~ 0s
  2023-08-16 04:56:03 /js/app.js ........................................ ~ 1s
  2023-08-16 04:56:04 /assets/js/custom/apps/inbox/listing.js ........... ~ 0s
  2023-08-16 04:56:04 /assets/js/scripts.bundle.js ...................... ~ 0s
  2023-08-16 04:56:04 /assets/media/avatars/blank.png ................... ~ 0s
  2023-08-16 04:56:04 /assets/plugins/global/fonts/@fortawesome/fa-solid-900.woff2  ~ 0s
  2023-08-16 04:56:04 /assets/plugins/custom/fullcalendar/fullcalendar.bundle.js  ~ 1s
  2023-08-16 04:56:04 /assets/media/logos/NSITF-logo.png ................ ~ 1s
  2023-08-16 04:56:04 /assets/plugins/custom/datatables/datatables.bundle.js  ~ 1s
  2023-08-16 04:56:04 /assets/plugins/global/plugins.bundle.js .......... ~ 1s
  2023-08-16 04:56:06 /assets/js/custom/apps/chat/chat.js ............... ~ 0s
  2023-08-16 04:56:06 /assets/js/custom/utilities/modals/upgrade-plan.js  ~ 0s
  2023-08-16 04:56:06 /assets/js/custom/utilities/modals/create-app.js .. ~ 0s
  2023-08-16 04:56:06 /assets/js/custom/utilities/modals/new-target.js .. ~ 0s
  2023-08-16 04:56:06 /assets/js/custom/widgets.js ...................... ~ 0s
  2023-08-16 04:56:06 /assets/js/custom/utilities/modals/users-search.js  ~ 0s
  2023-08-16 04:56:06 /assets/js/custom/utilities/modals/create-account.js  ~ 0s
  2023-08-16 04:56:06 /assets/js/widgets.bundle.js ...................... ~ 0s
  2023-08-16 04:56:06 /assets/media/logos/default-small.svg ............. ~ 0s
  2023-08-16 04:56:06 /assets/media/avatars/300-6.jpg ................... ~ 1s
  2023-08-16 04:56:07 /assets/media/avatars/300-2.jpg ................... ~ 0s
  2023-08-16 04:56:07 /assets/media/avatars/300-14.jpg .................. ~ 0s
  2023-08-16 04:56:07 /assets/media/avatars/300-9.jpg ................... ~ 0s
  2023-08-16 04:56:07 /assets/media/svg/brand-logos/volicity-9.svg ...... ~ 0s
  2023-08-16 04:56:07 /assets/media/avatars/300-11.jpg .................. ~ 0s
  2023-08-16 04:56:07 /assets/media/svg/brand-logos/tvit.svg ............ ~ 0s
  2023-08-16 04:56:07 /assets/media/svg/misc/infography.svg ............. ~ 0s
  2023-08-16 04:56:07 /assets/media/svg/brand-logos/leaf.svg ............ ~ 0s
  2023-08-16 04:56:08 /assets/media/svg/brand-logos/tower.svg ........... ~ 0s
  2023-08-16 04:56:08 /favicon.ico ...................................... ~ 0s
  2023-08-16 04:58:09 ................................................... ~ 0s
  2023-08-16 04:58:10 ................................................... ~ 0s
  2023-08-16 04:58:10 /assets/plugins/custom/datatables/datatables.bundle.css  ~ 0s
  2023-08-16 04:58:10 /assets/plugins/custom/fullcalendar/fullcalendar.bundle.css  ~ 0s
  2023-08-16 04:58:10 /css/sweetalert2.min.css .......................... ~ 0s
  2023-08-16 04:58:10 /assets/plugins/global/plugins.bundle.css ......... ~ 1s
  2023-08-16 04:58:10 /assets/css/style.bundle.css ...................... ~ 1s
  2023-08-16 04:58:11 /js/sweetalert2.min.js ............................ ~ 0s
  2023-08-16 04:58:11 /js/app.js ........................................ ~ 1s
  2023-08-16 04:58:12 /assets/js/custom/apps/inbox/listing.js ........... ~ 0s
  2023-08-16 04:58:12 /assets/plugins/global/fonts/@fortawesome/fa-regular-400.woff2  ~ 0s
  2023-08-16 04:58:12 /assets/js/scripts.bundle.js ...................... ~ 0s
  2023-08-16 04:58:12 /assets/media/avatars/blank.png ................... ~ 0s
  2023-08-16 04:58:12 /assets/plugins/custom/fullcalendar/fullcalendar.bundle.js  ~ 0s
  2023-08-16 04:58:12 /assets/plugins/global/fonts/@fortawesome/fa-solid-900.woff2  ~ 0s
  2023-08-16 04:58:12 /assets/media/logos/NSITF-logo.png ................ ~ 0s
  2023-08-16 04:58:12 /assets/plugins/global/plugins.bundle.js .......... ~ 0s
  2023-08-16 04:58:12 /assets/plugins/custom/datatables/datatables.bundle.js  ~ 1s
  2023-08-16 04:58:13 /assets/js/custom/apps/chat/chat.js ............... ~ 0s
  2023-08-16 04:58:13 /assets/js/custom/utilities/modals/upgrade-plan.js  ~ 0s
  2023-08-16 04:58:13 /assets/js/custom/widgets.js ...................... ~ 0s
  2023-08-16 04:58:13 /assets/js/custom/utilities/modals/create-app.js .. ~ 0s
  2023-08-16 04:58:13 /assets/js/widgets.bundle.js ...................... ~ 0s
  2023-08-16 04:58:13 /assets/js/custom/utilities/modals/new-target.js .. ~ 0s
  2023-08-16 04:58:13 /assets/js/custom/utilities/modals/users-search.js  ~ 0s
  2023-08-16 04:58:13 /assets/js/custom/utilities/modals/create-account.js  ~ 0s
  2023-08-16 04:58:14 /assets/media/logos/default-small.svg ............. ~ 0s
  2023-08-16 04:58:14 /assets/media/avatars/300-6.jpg ................... ~ 0s
  2023-08-16 04:58:14 /assets/media/avatars/300-2.jpg ................... ~ 0s
  2023-08-16 04:58:14 /assets/media/avatars/300-14.jpg .................. ~ 0s
  2023-08-16 04:58:14 /assets/media/avatars/300-11.jpg .................. ~ 0s
  2023-08-16 04:58:14 /assets/media/avatars/300-9.jpg ................... ~ 0s
  2023-08-16 04:58:14 /assets/media/svg/brand-logos/volicity-9.svg ...... ~ 0s
  2023-08-16 04:58:15 /assets/media/svg/brand-logos/tvit.svg ............ ~ 0s
  2023-08-16 04:58:15 /assets/media/svg/misc/infography.svg ............. ~ 0s
  2023-08-16 04:58:15 /assets/media/svg/brand-logos/leaf.svg ............ ~ 0s
  2023-08-16 04:58:15 /assets/media/svg/brand-logos/tower.svg ........... ~ 0s
  2023-08-16 04:58:15 /favicon.ico ...................................... ~ 0s
  2023-08-16 04:58:44 ................................................... ~ 0s
  2023-08-16 04:58:45 /assets/plugins/custom/fullcalendar/fullcalendar.bundle.css  ~ 0s
  2023-08-16 04:58:45 /css/sweetalert2.min.css .......................... ~ 0s
  2023-08-16 04:58:45 /assets/plugins/custom/datatables/datatables.bundle.css  ~ 0s
  2023-08-16 04:58:45 /assets/plugins/global/plugins.bundle.css ......... ~ 0s
  2023-08-16 04:58:45 /assets/css/style.bundle.css ...................... ~ 0s
  2023-08-16 04:58:45 /js/sweetalert2.min.js ............................ ~ 0s
  2023-08-16 04:58:45 /js/app.js ........................................ ~ 1s
  2023-08-16 04:58:46 /assets/js/custom/apps/inbox/listing.js ........... ~ 0s
  2023-08-16 04:58:46 /assets/media/avatars/blank.png ................... ~ 0s
  2023-08-16 04:58:46 /assets/js/scripts.bundle.js ...................... ~ 0s
  2023-08-16 04:58:46 /assets/plugins/global/fonts/@fortawesome/fa-solid-900.woff2  ~ 1s
  2023-08-16 04:58:46 /assets/plugins/custom/fullcalendar/fullcalendar.bundle.js  ~ 1s
  2023-08-16 04:58:46 /assets/media/logos/NSITF-logo.png ................ ~ 1s
  2023-08-16 04:58:46 /assets/plugins/custom/datatables/datatables.bundle.js  ~ 1s
  2023-08-16 04:58:46 /assets/plugins/global/plugins.bundle.js .......... ~ 1s
  2023-08-16 04:58:47 /assets/js/custom/apps/chat/chat.js ............... ~ 0s
  2023-08-16 04:58:47 /assets/js/custom/utilities/modals/upgrade-plan.js  ~ 0s
  2023-08-16 04:58:47 /assets/js/custom/widgets.js ...................... ~ 1s
  2023-08-16 04:58:47 /assets/js/widgets.bundle.js ...................... ~ 1s
  2023-08-16 04:58:56 /assets/js/custom/utilities/modals/create-app.js .. ~ 0s
  2023-08-16 04:58:57 /assets/js/custom/utilities/modals/new-target.js .. ~ 0s
  2023-08-16 04:58:57 /assets/js/custom/utilities/modals/users-search.js  ~ 0s
  2023-08-16 04:58:57 /assets/js/custom/utilities/modals/create-account.js  ~ 0s
  2023-08-16 04:58:57 /assets/media/logos/default-small.svg ............. ~ 0s
  2023-08-16 04:58:58 /assets/media/svg/brand-logos/volicity-9.svg ...... ~ 0s
  2023-08-16 04:58:58 /assets/media/avatars/300-6.jpg ................... ~ 0s
  2023-08-16 04:58:58 /assets/media/avatars/300-2.jpg ................... ~ 0s
  2023-08-16 04:58:58 /assets/media/avatars/300-11.jpg .................. ~ 0s
  2023-08-16 04:58:58 /assets/media/avatars/300-14.jpg .................. ~ 0s
  2023-08-16 04:58:58 /assets/media/avatars/300-9.jpg ................... ~ 0s
  2023-08-16 04:58:58 /assets/media/svg/brand-logos/tvit.svg ............ ~ 0s
  2023-08-16 04:58:58 /assets/media/svg/misc/infography.svg ............. ~ 0s
  2023-08-16 04:58:58 /assets/media/svg/brand-logos/leaf.svg ............ ~ 0s
  2023-08-16 04:58:59 /assets/media/svg/brand-logos/tower.svg ........... ~ 0s
  2023-08-16 04:58:59 /favicon.ico ...................................... ~ 0s
  2023-08-16 05:00:37 ................................................... ~ 0s
  2023-08-16 05:00:37 ................................................... ~ 1s
  2023-08-16 05:00:38 /assets/plugins/custom/datatables/datatables.bundle.css  ~ 0s
  2023-08-16 05:00:38 /assets/plugins/custom/fullcalendar/fullcalendar.bundle.css  ~ 0s
  2023-08-16 05:00:38 /css/sweetalert2.min.css .......................... ~ 0s
  2023-08-16 05:00:38 /assets/plugins/global/plugins.bundle.css ......... ~ 1s
  2023-08-16 05:00:38 /assets/css/style.bundle.css ...................... ~ 1s
  2023-08-16 05:00:39 /js/sweetalert2.min.js ............................ ~ 0s
  2023-08-16 05:00:39 /js/app.js ........................................ ~ 1s
  2023-08-16 05:00:40 /assets/js/scripts.bundle.js ...................... ~ 1s
  2023-08-16 05:00:40 /assets/plugins/custom/fullcalendar/fullcalendar.bundle.js  ~ 1s
  2023-08-16 05:00:40 /assets/plugins/global/plugins.bundle.js .......... ~ 1s
  2023-08-16 05:00:42 /assets/js/custom/apps/inbox/listing.js ........... ~ 0s
  2023-08-16 05:00:42 /assets/plugins/global/fonts/@fortawesome/fa-regular-400.woff2  ~ 0s
  2023-08-16 05:00:42 /assets/media/avatars/blank.png ................... ~ 0s
  2023-08-16 05:00:42 /assets/plugins/global/fonts/@fortawesome/fa-solid-900.woff2  ~ 1s
  2023-08-16 05:00:42 /assets/media/logos/NSITF-logo.png ................ ~ 1s
  2023-08-16 05:00:42 /assets/plugins/custom/datatables/datatables.bundle.js  ~ 1s
  2023-08-16 05:00:47 /assets/js/custom/apps/chat/chat.js ............... ~ 0s
  2023-08-16 05:00:47 /assets/js/custom/utilities/modals/upgrade-plan.js  ~ 0s
  2023-08-16 05:00:47 /assets/js/custom/utilities/modals/create-app.js .. ~ 0s
  2023-08-16 05:00:47 /assets/js/custom/widgets.js ...................... ~ 0s
  2023-08-16 05:00:47 /assets/js/widgets.bundle.js ...................... ~ 0s
  2023-08-16 05:00:48 /assets/js/custom/utilities/modals/new-target.js .. ~ 0s
  2023-08-16 05:00:48 /assets/js/custom/utilities/modals/users-search.js  ~ 0s
  2023-08-16 05:00:48 /assets/js/custom/utilities/modals/create-account.js  ~ 0s
  2023-08-16 05:00:48 /assets/media/logos/default-small.svg ............. ~ 0s
  2023-08-16 05:00:48 /assets/media/avatars/300-6.jpg ................... ~ 0s
  2023-08-16 05:00:48 /assets/media/avatars/300-2.jpg ................... ~ 0s
  2023-08-16 05:00:48 /assets/media/svg/brand-logos/volicity-9.svg ...... ~ 0s
  2023-08-16 05:00:48 /assets/media/avatars/300-14.jpg .................. ~ 1s
  2023-08-16 05:00:48 /assets/media/avatars/300-11.jpg .................. ~ 1s
  2023-08-16 05:00:48 /assets/media/avatars/300-9.jpg ................... ~ 1s
  2023-08-16 05:00:49 /assets/media/svg/brand-logos/tvit.svg ............ ~ 0s
  2023-08-16 05:00:49 /assets/media/svg/misc/infography.svg ............. ~ 0s
  2023-08-16 05:00:49 /assets/media/svg/brand-logos/leaf.svg ............ ~ 0s
  2023-08-16 05:00:49 /assets/media/svg/brand-logos/tower.svg ........... ~ 0s
  2023-08-16 05:00:50 /favicon.ico ...................................... ~ 0s
  2023-08-16 05:01:34 ................................................... ~ 0s
  2023-08-16 05:01:35 /assets/plugins/global/plugins.bundle.css ......... ~ 1s
  2023-08-16 05:01:35 /css/app.css ...................................... ~ 1s
  2023-08-16 05:01:35 /assets/css/style.bundle.css ...................... ~ 1s
  2023-08-16 05:01:37 /assets/js/custom/authentication/sign-in/general.js  ~ 0s
  2023-08-16 05:01:37 /assets/js/scripts.bundle.js ...................... ~ 0s
  2023-08-16 05:01:37 /assets/plugins/global/fonts/@fortawesome/fa-solid-900.woff2  ~ 0s
  2023-08-16 05:01:37 /assets/media/logos/NSITF-Logo-login.png .......... ~ 1s
  2023-08-16 05:01:37 /assets/plugins/global/plugins.bundle.js .......... ~ 1s
  2023-08-16 05:01:39 /assets/media/logos/NSITF-Logo-login.png .......... ~ 1s
  2023-08-16 05:02:06 ................................................... ~ 1s
  2023-08-16 05:02:07 ................................................... ~ 1s
  2023-08-16 05:02:08 /css/sweetalert2.min.css .......................... ~ 0s
  2023-08-16 05:02:08 /assets/plugins/custom/fullcalendar/fullcalendar.bundle.css  ~ 0s
  2023-08-16 05:02:08 /assets/plugins/custom/datatables/datatables.bundle.css  ~ 0s
  2023-08-16 05:02:08 /assets/plugins/global/plugins.bundle.css ......... ~ 1s
  2023-08-16 05:02:08 /assets/css/style.bundle.css ...................... ~ 1s
  2023-08-16 05:02:09 /js/sweetalert2.min.js ............................ ~ 1s
  2023-08-16 05:02:08 /js/app.js ........................................ ~ 2s
  2023-08-16 05:02:09 /assets/js/scripts.bundle.js ...................... ~ 1s
  2023-08-16 05:02:10 /assets/plugins/global/fonts/@fortawesome/fa-regular-400.woff2  ~ 0s
  2023-08-16 05:02:10 /assets/media/avatars/blank.png ................... ~ 1s
  2023-08-16 05:02:10 /assets/media/logos/NSITF-logo.png ................ ~ 1s
  2023-08-16 05:02:09 /assets/plugins/global/plugins.bundle.js .......... ~ 2s
  2023-08-16 05:02:10 /assets/plugins/custom/fullcalendar/fullcalendar.bundle.js  ~ 2s
  2023-08-16 05:02:12 /assets/js/custom/apps/inbox/listing.js ........... ~ 0s
  2023-08-16 05:02:12 /assets/js/custom/apps/chat/chat.js ............... ~ 0s
  2023-08-16 05:02:12 /assets/js/custom/utilities/modals/upgrade-plan.js  ~ 0s
  2023-08-16 05:02:12 /assets/js/custom/utilities/modals/create-app.js .. ~ 0s
  2023-08-16 05:02:12 /assets/js/custom/widgets.js ...................... ~ 0s
  2023-08-16 05:02:12 /assets/js/custom/utilities/modals/new-target.js .. ~ 0s
  2023-08-16 05:02:13 /assets/js/custom/utilities/modals/users-search.js  ~ 0s
  2023-08-16 05:02:13 /assets/js/custom/utilities/modals/create-account.js  ~ 0s
  2023-08-16 05:02:12 /assets/js/widgets.bundle.js ...................... ~ 1s
  2023-08-16 05:02:13 /assets/media/logos/default-small.svg ............. ~ 0s
  2023-08-16 05:02:12 /assets/plugins/custom/datatables/datatables.bundle.js  ~ 1s
  2023-08-16 05:02:13 /assets/media/avatars/300-6.jpg ................... ~ 0s
  2023-08-16 05:02:13 /assets/media/avatars/300-2.jpg ................... ~ 0s
  2023-08-16 05:02:13 /assets/media/avatars/300-9.jpg ................... ~ 1s
  2023-08-16 05:02:13 /assets/media/avatars/300-14.jpg .................. ~ 1s
  2023-08-16 05:02:14 /assets/media/svg/brand-logos/volicity-9.svg ...... ~ 0s
  2023-08-16 05:02:14 /assets/media/svg/brand-logos/tvit.svg ............ ~ 0s
  2023-08-16 05:02:14 /assets/media/svg/misc/infography.svg ............. ~ 0s
  2023-08-16 05:02:14 /assets/media/avatars/300-11.jpg .................. ~ 0s
  2023-08-16 05:02:14 /assets/media/svg/brand-logos/leaf.svg ............ ~ 0s
  2023-08-16 05:02:14 /assets/media/svg/brand-logos/tower.svg ........... ~ 0s
  2023-08-16 05:02:15 /favicon.ico ...................................... ~ 0s
  2023-08-16 05:02:38 ................................................... ~ 1s
  2023-08-16 05:02:39 /assets/plugins/custom/fullcalendar/fullcalendar.bundle.css  ~ 0s
  2023-08-16 05:02:39 /css/sweetalert2.min.css .......................... ~ 0s
  2023-08-16 05:02:39 /assets/plugins/custom/datatables/datatables.bundle.css  ~ 0s
  2023-08-16 05:02:40 /assets/media/logos/default-small.svg ............. ~ 0s
  2023-08-16 05:02:40 /assets/media/avatars/300-6.jpg ................... ~ 0s
  2023-08-16 05:02:39 /assets/plugins/global/plugins.bundle.css ......... ~ 1s
  2023-08-16 05:02:40 /assets/media/avatars/300-2.jpg ................... ~ 0s
  2023-08-16 05:02:39 /assets/css/style.bundle.css ...................... ~ 1s
  2023-08-16 05:02:40 /js/sweetalert2.min.js ............................ ~ 0s
  2023-08-16 05:02:40 /js/app.js ........................................ ~ 1s
  2023-08-16 05:02:41 /assets/js/scripts.bundle.js ...................... ~ 0s
  2023-08-16 05:02:41 /assets/plugins/global/fonts/@fortawesome/fa-regular-400.woff2  ~ 1s
  2023-08-16 05:02:41 /assets/plugins/custom/fullcalendar/fullcalendar.bundle.js  ~ 1s
  2023-08-16 05:02:42 /assets/js/custom/apps/inbox/listing.js ........... ~ 0s
  2023-08-16 05:02:41 /assets/media/logos/NSITF-logo.png ................ ~ 1s
  2023-08-16 05:02:42 /assets/media/avatars/blank.png ................... ~ 0s
  2023-08-16 05:02:41 /assets/plugins/global/plugins.bundle.js .......... ~ 2s
  2023-08-16 05:02:41 /assets/plugins/custom/datatables/datatables.bundle.js  ~ 2s
  2023-08-16 05:02:43 /assets/js/custom/apps/chat/chat.js ............... ~ 0s
  2023-08-16 05:02:43 /assets/js/custom/utilities/modals/upgrade-plan.js  ~ 0s
  2023-08-16 05:02:43 /assets/js/custom/widgets.js ...................... ~ 0s
  2023-08-16 05:02:43 /assets/js/custom/utilities/modals/create-app.js .. ~ 0s
  2023-08-16 05:02:43 /assets/js/custom/utilities/modals/new-target.js .. ~ 0s
  2023-08-16 05:02:44 /assets/js/custom/utilities/modals/users-search.js  ~ 0s
  2023-08-16 05:02:44 /assets/js/custom/utilities/modals/create-account.js  ~ 0s
  2023-08-16 05:02:44 /assets/media/svg/brand-logos/volicity-9.svg ...... ~ 0s
  2023-08-16 05:02:44 /assets/media/svg/brand-logos/tvit.svg ............ ~ 0s
  2023-08-16 05:02:44 /assets/media/avatars/300-14.jpg .................. ~ 0s
  2023-08-16 05:02:44 /assets/media/avatars/300-9.jpg ................... ~ 0s
  2023-08-16 05:02:44 /assets/media/avatars/300-11.jpg .................. ~ 0s
  2023-08-16 05:02:44 /assets/media/svg/misc/infography.svg ............. ~ 0s
  2023-08-16 05:02:45 /assets/media/svg/brand-logos/leaf.svg ............ ~ 0s
  2023-08-16 05:02:42 /assets/js/widgets.bundle.js ...................... ~ 3s
  2023-08-16 05:02:45 /assets/media/svg/brand-logos/tower.svg ........... ~ 0s
  2023-08-16 05:02:46 /favicon.ico ...................................... ~ 0s
  2023-08-16 05:02:58 ................................................... ~ 0s
  2023-08-16 05:02:59 ................................................... ~ 0s
  2023-08-16 05:03:00 /assets/js/custom/authentication/sign-in/general.js  ~ 0s
  2023-08-16 05:03:00 /assets/js/scripts.bundle.js ...................... ~ 1s
  2023-08-16 05:03:00 /assets/plugins/global/plugins.bundle.css ......... ~ 1s
  2023-08-16 05:03:00 /assets/media/logos/NSITF-Logo-login.png .......... ~ 1s
  2023-08-16 05:03:00 /assets/css/style.bundle.css ...................... ~ 1s
  2023-08-16 05:03:00 /assets/plugins/global/plugins.bundle.js .......... ~ 2s
  2023-08-16 05:03:00 /css/app.css ...................................... ~ 3s
  2023-08-16 05:03:04 /assets/plugins/global/fonts/@fortawesome/fa-solid-900.woff2  ~ 1s
  2023-08-16 05:03:05 /assets/media/logos/NSITF-Logo-login.png .......... ~ 1s
  2023-08-16 05:03:05 .................................................. ~ 20s
  2023-08-16 05:03:25 ................................................... ~ 1s
  2023-08-16 05:03:26 /css/sweetalert2.min.css .......................... ~ 0s
  2023-08-16 05:03:26 /assets/plugins/custom/datatables/datatables.bundle.css  ~ 0s
  2023-08-16 05:03:26 /assets/plugins/custom/fullcalendar/fullcalendar.bundle.css  ~ 0s
  2023-08-16 05:03:27 /js/sweetalert2.min.js ............................ ~ 0s
  2023-08-16 05:03:26 /assets/plugins/global/plugins.bundle.css ......... ~ 1s
  2023-08-16 05:03:26 /assets/css/style.bundle.css ...................... ~ 1s
  2023-08-16 05:03:27 /assets/js/scripts.bundle.js ...................... ~ 0s
  2023-08-16 05:03:27 /js/app.js ........................................ ~ 1s
  2023-08-16 05:03:28 /assets/plugins/global/fonts/@fortawesome/fa-regular-400.woff2  ~ 0s
  2023-08-16 05:03:27 /assets/plugins/global/plugins.bundle.js .......... ~ 1s
  2023-08-16 05:03:27 /assets/plugins/custom/fullcalendar/fullcalendar.bundle.js  ~ 1s
  2023-08-16 05:03:28 /assets/media/avatars/blank.png ................... ~ 1s
  2023-08-16 05:03:29 /assets/js/custom/apps/inbox/listing.js ........... ~ 0s
  2023-08-16 05:03:28 /assets/media/logos/NSITF-logo.png ................ ~ 1s
  2023-08-16 05:03:29 /assets/js/custom/apps/chat/chat.js ............... ~ 0s
  2023-08-16 05:03:29 /assets/js/custom/utilities/modals/upgrade-plan.js  ~ 0s
  2023-08-16 05:03:29 /assets/js/custom/widgets.js ...................... ~ 0s
  2023-08-16 05:03:29 /assets/js/custom/utilities/modals/create-app.js .. ~ 0s
  2023-08-16 05:03:29 /assets/js/custom/utilities/modals/new-target.js .. ~ 0s
  2023-08-16 05:03:30 /assets/js/custom/utilities/modals/users-search.js  ~ 0s
  2023-08-16 05:03:29 /assets/js/widgets.bundle.js ...................... ~ 1s
  2023-08-16 05:03:30 /assets/js/custom/utilities/modals/create-account.js  ~ 0s
  2023-08-16 05:03:28 /assets/plugins/custom/datatables/datatables.bundle.js  ~ 2s
  2023-08-16 05:03:30 /assets/media/logos/default-small.svg ............. ~ 0s
  2023-08-16 05:03:30 /assets/media/avatars/300-6.jpg ................... ~ 0s
  2023-08-16 05:03:30 /assets/media/avatars/300-2.jpg ................... ~ 0s
  2023-08-16 05:03:31 /assets/media/svg/brand-logos/volicity-9.svg ...... ~ 0s
  2023-08-16 05:03:30 /assets/media/avatars/300-9.jpg ................... ~ 1s
  2023-08-16 05:03:31 /assets/media/svg/brand-logos/tvit.svg ............ ~ 0s
  2023-08-16 05:03:31 /assets/media/svg/misc/infography.svg ............. ~ 0s
  2023-08-16 05:03:30 /assets/media/avatars/300-14.jpg .................. ~ 1s
  2023-08-16 05:03:31 /assets/media/avatars/300-11.jpg .................. ~ 0s
  2023-08-16 05:03:31 /assets/media/svg/brand-logos/leaf.svg ............ ~ 0s
  2023-08-16 05:03:31 /assets/media/svg/brand-logos/tower.svg ........... ~ 0s
  2023-08-16 05:03:32 /favicon.ico ...................................... ~ 0s
  2023-08-16 05:03:32 .................................................. ~ 11s
  2023-08-16 05:03:43 /favicon.ico ...................................... ~ 2s
  2023-08-16 05:03:45 ................................................. ~ 120s
  2023-08-16 05:04:46 ................................................. ~ 119s
  2023-08-16 05:05:46 ................................................. ~ 119s
  2023-08-16 04:52:27 ................................................ ~ 1049s
  2023-08-16 04:53:27 ................................................. ~ 989s
  2023-08-16 05:14:06 ................................................... ~ 0s
  2023-08-16 05:14:07 ................................................... ~ 0s
  2023-08-16 05:14:07 /css/app.css ...................................... ~ 1s
  2023-08-16 05:14:08 /assets/plugins/global/plugins.bundle.css ......... ~ 1s
  2023-08-16 05:14:11 /assets/js/scripts.bundle.js ...................... ~ 2s
  2023-08-16 05:14:14 /assets/js/custom/authentication/sign-in/general.js  ~ 0s
  2023-08-16 05:14:15 /assets/media/logos/NSITF-Logo-login.png .......... ~ 0s
  2023-08-16 05:14:09 /assets/css/style.bundle.css ...................... ~ 9s
  2023-08-16 05:14:10 /assets/plugins/global/plugins.bundle.js ......... ~ 22s
  2023-08-16 05:14:33 /assets/plugins/global/fonts/@fortawesome/fa-solid-900.woff2  ~ 0s
  2023-08-16 05:14:34 /assets/media/logos/NSITF-Logo-login.png .......... ~ 0s
  2023-08-16 05:06:46 ................................................. ~ 715s
  2023-08-16 05:07:46 ................................................. ~ 655s
  2023-08-16 05:24:00 ................................................... ~ 0s
  2023-08-16 05:24:00 /assets/media/logos/NSITF-Logo-login.png ......... ~ 10s
  2023-08-16 05:24:15 /assets/js/custom/authentication/sign-in/general.js  ~ 0s
  2023-08-16 05:24:00 /assets/js/scripts.bundle.js ..................... ~ 22s
  2023-08-16 05:24:00 /css/app.css ..................................... ~ 44s
  2023-08-16 05:24:00 /assets/plugins/global/plugins.bundle.js ......... ~ 49s
  2023-08-16 05:24:00 /assets/plugins/global/plugins.bundle.css ........ ~ 56s
  2023-08-16 05:24:00 /assets/css/style.bundle.css ..................... ~ 66s
  2023-08-16 05:25:08 /assets/plugins/global/fonts/@fortawesome/fa-solid-900.woff2  ~ 1s
  2023-08-16 05:25:08 /assets/media/logos/NSITF-Logo-login.png .......... ~ 3s
  2023-08-16 05:25:10 .................................................. ~ 34s
  2023-08-16 05:25:35 /css/app.css ..................................... ~ 24s
  2023-08-16 05:25:44 /assets/plugins/global/plugins.bundle.css ........ ~ 16s
  2023-08-16 05:26:02 /assets/js/custom/authentication/sign-in/general.js  ~ 0s
  2023-08-16 05:26:00 /assets/media/logos/NSITF-Logo-login.png .......... ~ 5s
  2023-08-16 05:26:11 /favicon.ico ...................................... ~ 9s
  2023-08-16 05:26:00 /assets/js/scripts.bundle.js ..................... ~ 22s
  2023-08-16 05:25:44 /assets/css/style.bundle.css ..................... ~ 45s
  2023-08-16 05:26:31 /assets/plugins/global/fonts/@fortawesome/fa-solid-900.woff2  ~ 1s
  2023-08-16 05:26:00 /assets/plugins/global/plugins.bundle.js ......... ~ 47s
  2023-08-16 05:26:50 /assets/media/logos/NSITF-Logo-login.png .......... ~ 1s
  2023-08-16 05:26:11 /favicon.ico ..................................... ~ 51s
  2023-08-16 05:26:50 .................................................. ~ 44s
  2023-08-16 05:27:35 /assets/css/style.bundle.css ..................... ~ 19s
  2023-08-16 05:27:57 /assets/js/custom/authentication/sign-in/general.js  ~ 0s
  2023-08-16 05:27:50 /assets/media/logos/NSITF-Logo-login.png .......... ~ 9s
  2023-08-16 05:27:35 /assets/plugins/global/plugins.bundle.css ........ ~ 25s
  2023-08-16 05:27:50 /assets/js/scripts.bundle.js ..................... ~ 12s
  2023-08-16 05:27:34 /css/app.css ..................................... ~ 57s
  2023-08-16 05:27:50 /assets/plugins/global/plugins.bundle.js ......... ~ 46s
  2023-08-16 05:28:38 /assets/plugins/global/fonts/@fortawesome/fa-solid-900.woff2  ~ 0s
  2023-08-16 05:28:38 /assets/media/logos/NSITF-Logo-login.png .......... ~ 2s
  2023-08-16 05:33:57 ................................................. ~ 140s
  2023-08-16 05:33:57 ................................................. ~ 140s
  2023-08-16 05:27:01 ................................................. ~ 980s
  2023-08-16 06:20:29 /assets/js/scripts.bundle.js ..................... ~ 11s
  2023-08-16 06:20:42 /assets/js/custom/authentication/sign-in/general.js  ~ 0s
  2023-08-16 06:20:29 /assets/media/logos/NSITF-Logo-login.png ......... ~ 39s
  2023-08-16 06:20:29 /css/app.css ..................................... ~ 54s
  2023-08-16 06:20:29 /assets/css/style.bundle.css ..................... ~ 55s
  2023-08-16 06:20:29 /assets/plugins/global/plugins.bundle.css ........ ~ 58s
  2023-08-16 06:20:29 /assets/plugins/global/plugins.bundle.js ......... ~ 83s
  2023-08-16 06:21:56 /assets/plugins/global/fonts/@fortawesome/fa-solid-900.woff2  ~ 1s

   INFO  Server running on [http://0.0.0.0:8000].  

  Press Ctrl+C to stop the server

  2023-08-16 09:17:09 ................................................... ~ 0s
  2023-08-16 09:17:10 ................................................... ~ 0s
  2023-08-16 09:17:10 /assets/js/scripts.bundle.js ...................... ~ 1s
  2023-08-16 09:17:10 /assets/plugins/global/plugins.bundle.css ......... ~ 1s
  2023-08-16 09:17:12 /assets/js/custom/authentication/sign-in/general.js  ~ 0s
  2023-08-16 09:17:11 /assets/media/logos/NSITF-Logo-login.png .......... ~ 1s
  2023-08-16 09:17:10 /assets/plugins/global/plugins.bundle.js .......... ~ 3s
  2023-08-16 09:17:10 /assets/css/style.bundle.css ...................... ~ 3s
  2023-08-16 09:17:10 /css/app.css ...................................... ~ 5s
  2023-08-16 09:17:16 /assets/plugins/global/fonts/@fortawesome/fa-solid-900.woff2  ~ 1s
  2023-08-16 09:17:17 /assets/media/logos/NSITF-Logo-login.png .......... ~ 1s
  2023-08-16 09:46:41 ................................................... ~ 0s
  2023-08-16 09:46:42 ................................................... ~ 0s
  2023-08-16 09:46:45 /assets/plugins/global/plugins.bundle.css ......... ~ 1s
  2023-08-16 09:46:45 /assets/css/style.bundle.css ...................... ~ 1s
  2023-08-16 09:47:02 /assets/media/logos/NSITF-Logo-login.png .......... ~ 1s
  2023-08-16 09:47:02 /assets/js/scripts.bundle.js ...................... ~ 1s
  2023-08-16 09:47:02 /assets/js/custom/authentication/sign-in/general.js  ~ 1s
  2023-08-16 09:47:02 /assets/plugins/global/plugins.bundle.js .......... ~ 2s
  2023-08-16 09:47:06 /assets/plugins/global/fonts/@fortawesome/fa-solid-900.woff2  ~ 1s
  2023-08-16 09:47:07 /assets/media/logos/NSITF-Logo-login.png .......... ~ 1s
  2023-08-16 09:47:57 ................................................. ~ 373s
  2023-08-16 09:47:57 ................................................. ~ 373s
  2023-08-16 09:54:10 .................................................. ~ 95s
  2023-08-16 09:54:10 .................................................. ~ 95s
  2023-08-16 09:56:46 ................................................... ~ 9s
  2023-08-16 09:56:46 ................................................... ~ 9s
  2023-08-16 09:57:05 .................................................. ~ 31s
  2023-08-16 09:57:05 .................................................. ~ 31s
  2023-08-16 09:58:22 ................................................... ~ 4s
  2023-08-16 09:58:22 ................................................... ~ 4s
  2023-08-16 10:09:58 ................................................... ~ 9s
  2023-08-16 10:09:58 ................................................... ~ 9s
  2023-08-16 10:10:58 ................................................... ~ 9s
  2023-08-16 10:10:58 ................................................... ~ 9s
  2023-08-16 10:11:58 ................................................... ~ 9s
  2023-08-16 10:11:58 ................................................... ~ 9s
  2023-08-16 10:12:58 ................................................... ~ 9s
  2023-08-16 10:12:58 ................................................... ~ 9s
  2023-08-16 10:13:58 ................................................... ~ 9s
  2023-08-16 10:13:58 ................................................... ~ 9s
  2023-08-16 10:18:15 ................................................... ~ 3s
  2023-08-16 10:18:15 ................................................... ~ 3s
  2023-08-16 10:26:57 ................................................... ~ 2s
  2023-08-16 10:26:57 ................................................... ~ 2s
  2023-08-16 10:27:39 .................................................. ~ 10s
  2023-08-16 10:27:39 .................................................. ~ 10s
  2023-08-16 10:31:51 ................................................... ~ 3s
  2023-08-16 10:31:51 ................................................... ~ 3s
  2023-08-16 11:09:49 ................................................... ~ 9s
  2023-08-16 11:09:49 ................................................... ~ 9s
